[00:01:41] [Thread-7/INFO]: [gg.playit.control.ChannelSetup] send keep alive
[00:05:41] [Thread-7/INFO]: [gg.playit.control.ChannelSetup] send keep alive
[00:09:41] [Thread-7/INFO]: [gg.playit.control.ChannelSetup] send keep alive
[00:13:41] [Thread-7/INFO]: [gg.playit.control.ChannelSetup] send keep alive
[00:17:41] [Thread-7/INFO]: [gg.playit.control.ChannelSetup] send keep alive
[00:21:41] [Thread-7/INFO]: [gg.playit.control.ChannelSetup] send keep alive
[00:25:41] [Thread-7/INFO]: [gg.playit.control.ChannelSetup] send keep alive
[00:29:41] [Thread-7/INFO]: [gg.playit.control.ChannelSetup] send keep alive
[00:33:44] [Thread-7/INFO]: [gg.playit.control.ChannelSetup] send keep alive
[00:37:44] [Thread-7/INFO]: [gg.playit.control.ChannelSetup] send keep alive
[00:41:45] [Thread-7/INFO]: [gg.playit.control.ChannelSetup] send keep alive
[00:45:45] [Thread-7/INFO]: [gg.playit.control.ChannelSetup] send keep alive
[00:49:45] [Thread-7/INFO]: [gg.playit.control.ChannelSetup] send keep alive
[00:53:45] [Thread-7/INFO]: [gg.playit.control.ChannelSetup] send keep alive
[00:57:45] [Thread-7/INFO]: [gg.playit.control.ChannelSetup] send keep alive
[01:01:45] [Thread-7/INFO]: [gg.playit.control.ChannelSetup] send keep alive
[01:05:45] [Thread-7/INFO]: [gg.playit.control.ChannelSetup] send keep alive
[01:09:45] [Thread-7/INFO]: [gg.playit.control.ChannelSetup] send keep alive
[01:13:45] [Thread-7/INFO]: [gg.playit.control.ChannelSetup] send keep alive
[01:17:45] [Thread-7/INFO]: [gg.playit.control.ChannelSetup] send keep alive
[01:21:45] [Thread-7/INFO]: [gg.playit.control.ChannelSetup] send keep alive
[01:25:46] [Thread-7/INFO]: [gg.playit.control.ChannelSetup] send keep alive
[01:29:46] [Thread-7/INFO]: [gg.playit.control.ChannelSetup] send keep alive
[01:33:46] [Thread-7/INFO]: [gg.playit.control.ChannelSetup] send keep alive
[01:37:46] [Thread-7/INFO]: [gg.playit.control.ChannelSetup] send keep alive
[01:41:46] [Thread-7/INFO]: [gg.playit.control.ChannelSetup] send keep alive
[01:45:46] [Thread-7/INFO]: [gg.playit.control.ChannelSetup] send keep alive
[01:49:46] [Thread-7/INFO]: [gg.playit.control.ChannelSetup] send keep alive
[01:53:46] [Thread-7/INFO]: [gg.playit.control.ChannelSetup] send keep alive
[01:57:46] [Thread-7/INFO]: [gg.playit.control.ChannelSetup] send keep alive
[02:01:46] [Thread-7/INFO]: [gg.playit.control.ChannelSetup] send keep alive
[02:05:47] [Thread-7/INFO]: [gg.playit.control.ChannelSetup] send keep alive
[02:09:47] [Thread-7/INFO]: [gg.playit.control.ChannelSetup] send keep alive
[02:13:47] [Thread-7/INFO]: [gg.playit.control.ChannelSetup] send keep alive
[02:17:47] [Thread-7/INFO]: [gg.playit.control.ChannelSetup] send keep alive
[02:21:47] [Thread-7/INFO]: [gg.playit.control.ChannelSetup] send keep alive
[02:25:47] [Thread-7/INFO]: [gg.playit.control.ChannelSetup] send keep alive
[02:29:47] [Thread-7/INFO]: [gg.playit.control.ChannelSetup] send keep alive
[02:33:48] [Thread-7/INFO]: [gg.playit.control.ChannelSetup] send keep alive
[02:37:48] [Thread-7/INFO]: [gg.playit.control.ChannelSetup] send keep alive
[02:41:48] [Thread-7/INFO]: [gg.playit.control.ChannelSetup] send keep alive
[02:45:48] [Thread-7/INFO]: [gg.playit.control.ChannelSetup] send keep alive
[02:49:48] [Thread-7/INFO]: [gg.playit.control.ChannelSetup] send keep alive
[02:53:48] [Thread-7/INFO]: [gg.playit.control.ChannelSetup] send keep alive
[02:57:48] [Thread-7/INFO]: [gg.playit.control.ChannelSetup] send keep alive
[03:01:48] [Thread-7/INFO]: [gg.playit.control.ChannelSetup] send keep alive
[03:05:48] [Thread-7/INFO]: [gg.playit.control.ChannelSetup] send keep alive
[03:09:49] [Thread-7/INFO]: [gg.playit.control.ChannelSetup] send keep alive
[03:13:49] [Thread-7/INFO]: [gg.playit.control.ChannelSetup] send keep alive
[03:17:49] [Thread-7/INFO]: [gg.playit.control.ChannelSetup] send keep alive
[03:21:49] [Thread-7/INFO]: [gg.playit.control.ChannelSetup] send keep alive
[03:25:49] [Thread-7/INFO]: [gg.playit.control.ChannelSetup] send keep alive
[03:29:49] [Thread-7/INFO]: [gg.playit.control.ChannelSetup] send keep alive
[03:33:49] [Thread-7/INFO]: [gg.playit.control.ChannelSetup] send keep alive
[03:37:49] [Thread-7/INFO]: [gg.playit.control.ChannelSetup] send keep alive
[03:41:49] [Thread-7/INFO]: [gg.playit.control.ChannelSetup] send keep alive
[03:45:50] [Thread-7/INFO]: [gg.playit.control.ChannelSetup] send keep alive
[03:49:50] [Thread-7/INFO]: [gg.playit.control.ChannelSetup] send keep alive
[03:53:50] [Thread-7/INFO]: [gg.playit.control.ChannelSetup] send keep alive
[03:57:50] [Thread-7/INFO]: [gg.playit.control.ChannelSetup] send keep alive
[04:01:50] [Thread-7/INFO]: [gg.playit.control.ChannelSetup] send keep alive
[04:05:50] [Thread-7/INFO]: [gg.playit.control.ChannelSetup] send keep alive
[04:09:50] [Thread-7/INFO]: [gg.playit.control.ChannelSetup] send keep alive
[04:13:50] [Thread-7/INFO]: [gg.playit.control.ChannelSetup] send keep alive
[04:17:50] [Thread-7/INFO]: [gg.playit.control.ChannelSetup] send keep alive
[04:21:50] [Thread-7/INFO]: [gg.playit.control.ChannelSetup] send keep alive
[04:25:50] [Thread-7/INFO]: [gg.playit.control.ChannelSetup] send keep alive
[04:29:51] [Thread-7/INFO]: [gg.playit.control.ChannelSetup] send keep alive
[04:33:51] [Thread-7/INFO]: [gg.playit.control.ChannelSetup] send keep alive
[04:37:51] [Thread-7/INFO]: [gg.playit.control.ChannelSetup] send keep alive
[04:41:51] [Thread-7/INFO]: [gg.playit.control.ChannelSetup] send keep alive
[04:45:51] [Thread-7/INFO]: [gg.playit.control.ChannelSetup] send keep alive
[04:49:51] [Thread-7/INFO]: [gg.playit.control.ChannelSetup] send keep alive
[04:53:51] [Thread-7/INFO]: [gg.playit.control.ChannelSetup] send keep alive
[04:57:51] [Thread-7/INFO]: [gg.playit.control.ChannelSetup] send keep alive
[05:01:51] [Thread-7/INFO]: [gg.playit.control.ChannelSetup] send keep alive
[05:05:51] [Thread-7/INFO]: [gg.playit.control.ChannelSetup] send keep alive
[05:09:51] [Thread-7/INFO]: [gg.playit.control.ChannelSetup] send keep alive
[05:13:52] [Thread-7/INFO]: [gg.playit.control.ChannelSetup] send keep alive
[05:17:52] [Thread-7/INFO]: [gg.playit.control.ChannelSetup] send keep alive
[05:21:52] [Thread-7/INFO]: [gg.playit.control.ChannelSetup] send keep alive
[05:25:52] [Thread-7/INFO]: [gg.playit.control.ChannelSetup] send keep alive
[05:29:52] [Thread-7/INFO]: [gg.playit.control.ChannelSetup] send keep alive
[05:33:52] [Thread-7/INFO]: [gg.playit.control.ChannelSetup] send keep alive
[05:37:52] [Thread-7/INFO]: [gg.playit.control.ChannelSetup] send keep alive
[05:41:52] [Thread-7/INFO]: [gg.playit.control.ChannelSetup] send keep alive
[05:45:52] [Thread-7/INFO]: [gg.playit.control.ChannelSetup] send keep alive
[05:49:52] [Thread-7/INFO]: [gg.playit.control.ChannelSetup] send keep alive
[05:53:52] [Thread-7/INFO]: [gg.playit.control.ChannelSetup] send keep alive
[05:57:52] [Thread-7/INFO]: [gg.playit.control.ChannelSetup] send keep alive
[06:01:53] [Thread-7/INFO]: [gg.playit.control.ChannelSetup] send keep alive
[06:05:53] [Thread-7/INFO]: [gg.playit.control.ChannelSetup] send keep alive
[06:09:53] [Thread-7/INFO]: [gg.playit.control.ChannelSetup] send keep alive
[06:13:53] [Thread-7/INFO]: [gg.playit.control.ChannelSetup] send keep alive
[06:17:53] [Thread-7/INFO]: [gg.playit.control.ChannelSetup] send keep alive
[06:21:53] [Thread-7/INFO]: [gg.playit.control.ChannelSetup] send keep alive
[06:25:53] [Thread-7/INFO]: [gg.playit.control.ChannelSetup] send keep alive
[06:29:53] [Thread-7/INFO]: [gg.playit.control.ChannelSetup] send keep alive
[06:33:54] [Thread-7/INFO]: [gg.playit.control.ChannelSetup] send keep alive
[06:37:54] [Thread-7/INFO]: [gg.playit.control.ChannelSetup] send keep alive
[06:41:54] [Thread-7/INFO]: [gg.playit.control.ChannelSetup] send keep alive
[06:45:54] [Thread-7/INFO]: [gg.playit.control.ChannelSetup] send keep alive
[06:49:54] [Thread-7/INFO]: [gg.playit.control.ChannelSetup] send keep alive
[06:53:54] [Thread-7/INFO]: [gg.playit.control.ChannelSetup] send keep alive
[06:57:54] [Thread-7/INFO]: [gg.playit.control.ChannelSetup] send keep alive
[07:01:54] [Thread-7/INFO]: [gg.playit.control.ChannelSetup] send keep alive
[07:05:54] [Thread-7/INFO]: [gg.playit.control.ChannelSetup] send keep alive
[07:09:54] [Thread-7/INFO]: [gg.playit.control.ChannelSetup] send keep alive
[07:13:55] [Thread-7/INFO]: [gg.playit.control.ChannelSetup] send keep alive
[07:17:55] [Thread-7/INFO]: [gg.playit.control.ChannelSetup] send keep alive
[07:21:55] [Thread-7/INFO]: [gg.playit.control.ChannelSetup] send keep alive
[07:25:55] [Thread-7/INFO]: [gg.playit.control.ChannelSetup] send keep alive
[07:29:55] [Thread-7/INFO]: [gg.playit.control.ChannelSetup] send keep alive
[07:33:55] [Thread-7/INFO]: [gg.playit.control.ChannelSetup] send keep alive
[07:37:55] [Thread-7/INFO]: [gg.playit.control.ChannelSetup] send keep alive
[07:41:55] [Thread-7/INFO]: [gg.playit.control.ChannelSetup] send keep alive
[07:45:55] [Thread-7/INFO]: [gg.playit.control.ChannelSetup] send keep alive
[07:49:56] [Thread-7/INFO]: [gg.playit.control.ChannelSetup] send keep alive
[07:53:56] [Thread-7/INFO]: [gg.playit.control.ChannelSetup] send keep alive
[07:57:56] [Thread-7/INFO]: [gg.playit.control.ChannelSetup] send keep alive
[08:01:56] [Thread-7/INFO]: [gg.playit.control.ChannelSetup] send keep alive
[08:05:56] [Thread-7/INFO]: [gg.playit.control.ChannelSetup] send keep alive
[08:09:56] [Thread-7/INFO]: [gg.playit.control.ChannelSetup] send keep alive
[08:13:56] [Thread-7/INFO]: [gg.playit.control.ChannelSetup] send keep alive
[08:17:56] [Thread-7/INFO]: [gg.playit.control.ChannelSetup] send keep alive
[08:21:56] [Thread-7/INFO]: [gg.playit.control.ChannelSetup] send keep alive
[08:25:57] [Thread-7/INFO]: [gg.playit.control.ChannelSetup] send keep alive
[08:29:57] [Thread-7/INFO]: [gg.playit.control.ChannelSetup] send keep alive
[08:33:57] [Thread-7/INFO]: [gg.playit.control.ChannelSetup] send keep alive
[08:37:57] [Thread-7/INFO]: [gg.playit.control.ChannelSetup] send keep alive
[08:41:57] [Thread-7/INFO]: [gg.playit.control.ChannelSetup] send keep alive
[08:45:57] [Thread-7/INFO]: [gg.playit.control.ChannelSetup] send keep alive
[08:49:57] [Thread-7/INFO]: [gg.playit.control.ChannelSetup] send keep alive
[08:53:57] [Thread-7/INFO]: [gg.playit.control.ChannelSetup] send keep alive
[08:57:57] [Thread-7/INFO]: [gg.playit.control.ChannelSetup] send keep alive
[09:01:58] [Thread-7/INFO]: [gg.playit.control.ChannelSetup] send keep alive
[09:05:58] [Thread-7/INFO]: [gg.playit.control.ChannelSetup] send keep alive
[09:09:58] [Thread-7/INFO]: [gg.playit.control.ChannelSetup] send keep alive
[09:13:58] [Thread-7/INFO]: [gg.playit.control.ChannelSetup] send keep alive
[09:17:58] [Thread-7/INFO]: [gg.playit.control.ChannelSetup] send keep alive
[09:21:58] [Thread-7/INFO]: [gg.playit.control.ChannelSetup] send keep alive
[09:25:58] [Thread-7/INFO]: [gg.playit.control.ChannelSetup] send keep alive
[09:29:58] [Thread-7/INFO]: [gg.playit.control.ChannelSetup] send keep alive
[09:33:58] [Thread-7/INFO]: [gg.playit.control.ChannelSetup] send keep alive
[09:37:58] [Thread-7/INFO]: [gg.playit.control.ChannelSetup] send keep alive
[09:41:59] [Thread-7/INFO]: [gg.playit.control.ChannelSetup] send keep alive
[09:45:59] [Thread-7/INFO]: [gg.playit.control.ChannelSetup] send keep alive
[09:49:59] [Thread-7/INFO]: [gg.playit.control.ChannelSetup] send keep alive
[09:53:59] [Thread-7/INFO]: [gg.playit.control.ChannelSetup] send keep alive
[09:57:59] [Thread-7/INFO]: [gg.playit.control.ChannelSetup] send keep alive
[10:01:59] [Thread-7/INFO]: [gg.playit.control.ChannelSetup] send keep alive
[10:05:59] [Thread-7/INFO]: [gg.playit.control.ChannelSetup] send keep alive
[10:09:59] [Thread-7/INFO]: [gg.playit.control.ChannelSetup] send keep alive
[10:13:59] [Thread-7/INFO]: [gg.playit.control.ChannelSetup] send keep alive
[10:17:59] [Thread-7/INFO]: [gg.playit.control.ChannelSetup] send keep alive
[10:22:00] [Thread-7/INFO]: [gg.playit.control.ChannelSetup] send keep alive
[10:26:00] [Thread-7/INFO]: [gg.playit.control.ChannelSetup] send keep alive
[10:30:00] [Thread-7/INFO]: [gg.playit.control.ChannelSetup] send keep alive
[10:34:00] [Thread-7/INFO]: [gg.playit.control.ChannelSetup] send keep alive
[10:38:00] [Thread-7/INFO]: [gg.playit.control.ChannelSetup] send keep alive
[10:42:00] [Thread-7/INFO]: [gg.playit.control.ChannelSetup] send keep alive
[10:46:00] [Thread-7/INFO]: [gg.playit.control.ChannelSetup] send keep alive
[10:50:00] [Thread-7/INFO]: [gg.playit.control.ChannelSetup] send keep alive
[10:54:00] [Thread-7/INFO]: [gg.playit.control.ChannelSetup] send keep alive
[10:58:01] [Thread-7/INFO]: [gg.playit.control.ChannelSetup] send keep alive
[11:02:01] [Thread-7/INFO]: [gg.playit.control.ChannelSetup] send keep alive
[11:06:01] [Thread-7/INFO]: [gg.playit.control.ChannelSetup] send keep alive
[11:10:01] [Thread-7/INFO]: [gg.playit.control.ChannelSetup] send keep alive
[11:14:01] [Thread-7/INFO]: [gg.playit.control.ChannelSetup] send keep alive
[11:18:01] [Thread-7/INFO]: [gg.playit.control.ChannelSetup] send keep alive
[11:22:01] [Thread-7/INFO]: [gg.playit.control.ChannelSetup] send keep alive
[11:26:01] [Thread-7/INFO]: [gg.playit.control.ChannelSetup] send keep alive
[11:30:02] [Thread-7/INFO]: [gg.playit.control.ChannelSetup] send keep alive
[11:34:02] [Thread-7/INFO]: [gg.playit.control.ChannelSetup] send keep alive
[11:38:02] [Thread-7/INFO]: [gg.playit.control.ChannelSetup] send keep alive
[11:42:02] [Thread-7/INFO]: [gg.playit.control.ChannelSetup] send keep alive
[11:46:02] [Thread-7/INFO]: [gg.playit.control.ChannelSetup] send keep alive
[11:50:02] [Thread-7/INFO]: [gg.playit.control.ChannelSetup] send keep alive
[11:54:02] [Thread-7/INFO]: [gg.playit.control.ChannelSetup] send keep alive
[11:58:03] [Thread-7/INFO]: [gg.playit.control.ChannelSetup] send keep alive
[12:02:03] [Thread-7/INFO]: [gg.playit.control.ChannelSetup] send keep alive
[12:06:03] [Thread-7/INFO]: [gg.playit.control.ChannelSetup] send keep alive
[12:10:03] [Thread-7/INFO]: [gg.playit.control.ChannelSetup] send keep alive
[12:14:03] [Thread-7/INFO]: [gg.playit.control.ChannelSetup] send keep alive
[12:18:03] [Thread-7/INFO]: [gg.playit.control.ChannelSetup] send keep alive
[12:22:03] [Thread-7/INFO]: [gg.playit.control.ChannelSetup] send keep alive
[12:26:04] [Thread-7/INFO]: [gg.playit.control.ChannelSetup] send keep alive
[12:30:04] [Thread-7/INFO]: [gg.playit.control.ChannelSetup] send keep alive
[12:34:04] [Thread-7/INFO]: [gg.playit.control.ChannelSetup] send keep alive
[12:38:04] [Thread-7/INFO]: [gg.playit.control.ChannelSetup] send keep alive
[12:42:04] [Thread-7/INFO]: [gg.playit.control.ChannelSetup] send keep alive
[12:46:04] [Thread-7/INFO]: [gg.playit.control.ChannelSetup] send keep alive
[12:50:04] [Thread-7/INFO]: [gg.playit.control.ChannelSetup] send keep alive
[12:54:04] [Thread-7/INFO]: [gg.playit.control.ChannelSetup] send keep alive
[12:58:05] [Thread-7/INFO]: [gg.playit.control.ChannelSetup] send keep alive
[13:02:05] [Thread-7/INFO]: [gg.playit.control.ChannelSetup] send keep alive
[13:06:05] [Thread-7/INFO]: [gg.playit.control.ChannelSetup] send keep alive
[13:10:05] [Thread-7/INFO]: [gg.playit.control.ChannelSetup] send keep alive
[13:14:05] [Thread-7/INFO]: [gg.playit.control.ChannelSetup] send keep alive
[13:18:05] [Thread-7/INFO]: [gg.playit.control.ChannelSetup] send keep alive
[13:22:06] [Thread-7/INFO]: [gg.playit.control.ChannelSetup] send keep alive
[13:26:06] [Thread-7/INFO]: [gg.playit.control.ChannelSetup] send keep alive
[13:30:06] [Thread-7/INFO]: [gg.playit.control.ChannelSetup] send keep alive
[13:34:06] [Thread-7/INFO]: [gg.playit.control.ChannelSetup] send keep alive
[13:38:06] [Thread-7/INFO]: [gg.playit.control.ChannelSetup] send keep alive
[13:42:06] [Thread-7/INFO]: [gg.playit.control.ChannelSetup] send keep alive
[13:46:06] [Thread-7/INFO]: [gg.playit.control.ChannelSetup] send keep alive
[13:50:06] [Thread-7/INFO]: [gg.playit.control.ChannelSetup] send keep alive
[13:54:07] [Thread-7/INFO]: [gg.playit.control.ChannelSetup] send keep alive
[13:58:07] [Thread-7/INFO]: [gg.playit.control.ChannelSetup] send keep alive
[14:02:07] [Thread-7/INFO]: [gg.playit.control.ChannelSetup] send keep alive
[14:06:07] [Thread-7/INFO]: [gg.playit.control.ChannelSetup] send keep alive
[14:10:07] [Thread-7/INFO]: [gg.playit.control.ChannelSetup] send keep alive
[14:14:10] [Thread-7/INFO]: [gg.playit.control.ChannelSetup] send keep alive
[14:18:10] [Thread-7/INFO]: [gg.playit.control.ChannelSetup] send keep alive
[14:22:10] [Thread-7/INFO]: [gg.playit.control.ChannelSetup] send keep alive
[14:26:10] [Thread-7/INFO]: [gg.playit.control.ChannelSetup] send keep alive
[14:30:11] [Thread-7/INFO]: [gg.playit.control.ChannelSetup] send keep alive
[14:34:11] [Thread-7/INFO]: [gg.playit.control.ChannelSetup] send keep alive
[14:38:11] [Thread-7/INFO]: [gg.playit.control.ChannelSetup] send keep alive
[14:42:11] [Thread-7/INFO]: [gg.playit.control.ChannelSetup] send keep alive
[14:46:11] [Thread-7/INFO]: [gg.playit.control.ChannelSetup] send keep alive
[14:50:11] [Thread-7/INFO]: [gg.playit.control.ChannelSetup] send keep alive
[14:54:11] [Thread-7/INFO]: [gg.playit.control.ChannelSetup] send keep alive
[14:58:12] [Thread-7/INFO]: [gg.playit.control.ChannelSetup] send keep alive
[15:02:12] [Thread-7/INFO]: [gg.playit.control.ChannelSetup] send keep alive
[15:06:12] [Thread-7/INFO]: [gg.playit.control.ChannelSetup] send keep alive
[15:10:12] [Thread-7/INFO]: [gg.playit.control.ChannelSetup] send keep alive
[15:14:12] [Thread-7/INFO]: [gg.playit.control.ChannelSetup] send keep alive
[15:18:12] [Thread-7/INFO]: [gg.playit.control.ChannelSetup] send keep alive
[15:22:13] [Thread-7/INFO]: [gg.playit.control.ChannelSetup] send keep alive
[15:26:13] [Thread-7/INFO]: [gg.playit.control.ChannelSetup] send keep alive
[15:30:13] [Thread-7/INFO]: [gg.playit.control.ChannelSetup] send keep alive
[15:34:13] [Thread-7/INFO]: [gg.playit.control.ChannelSetup] send keep alive
[15:38:14] [Thread-7/INFO]: [gg.playit.control.ChannelSetup] send keep alive
[15:42:14] [Thread-7/INFO]: [gg.playit.control.ChannelSetup] send keep alive
[15:46:14] [Thread-7/INFO]: [gg.playit.control.ChannelSetup] send keep alive
[15:50:14] [Thread-7/INFO]: [gg.playit.control.ChannelSetup] send keep alive
[15:54:14] [Thread-7/INFO]: [gg.playit.control.ChannelSetup] send keep alive
[15:58:14] [Thread-7/INFO]: [gg.playit.control.ChannelSetup] send keep alive
[16:02:15] [Thread-7/INFO]: [gg.playit.control.ChannelSetup] send keep alive
[16:06:15] [Thread-7/INFO]: [gg.playit.control.ChannelSetup] send keep alive
[16:10:15] [Thread-7/INFO]: [gg.playit.control.ChannelSetup] send keep alive
[16:14:15] [Thread-7/INFO]: [gg.playit.control.ChannelSetup] send keep alive
[16:18:15] [Thread-7/INFO]: [gg.playit.control.ChannelSetup] send keep alive
[16:22:16] [Thread-7/INFO]: [gg.playit.control.ChannelSetup] send keep alive
[16:26:16] [Thread-7/INFO]: [gg.playit.control.ChannelSetup] send keep alive
[16:30:16] [Thread-7/INFO]: [gg.playit.control.ChannelSetup] send keep alive
[16:34:16] [Thread-7/INFO]: [gg.playit.control.ChannelSetup] send keep alive
[16:38:16] [Thread-7/INFO]: [gg.playit.control.ChannelSetup] send keep alive
[16:42:17] [Thread-7/INFO]: [gg.playit.control.ChannelSetup] send keep alive
[16:46:17] [Thread-7/INFO]: [gg.playit.control.ChannelSetup] send keep alive
[16:50:17] [Thread-7/INFO]: [gg.playit.control.ChannelSetup] send keep alive
[16:54:17] [Thread-7/INFO]: [gg.playit.control.ChannelSetup] send keep alive
[16:58:17] [Thread-7/INFO]: [gg.playit.control.ChannelSetup] send keep alive
[17:02:18] [Thread-7/INFO]: [gg.playit.control.ChannelSetup] send keep alive
[17:06:18] [Thread-7/INFO]: [gg.playit.control.ChannelSetup] send keep alive
[17:10:18] [Thread-7/INFO]: [gg.playit.control.ChannelSetup] send keep alive
[17:14:18] [Thread-7/INFO]: [gg.playit.control.ChannelSetup] send keep alive
[17:18:18] [Thread-7/INFO]: [gg.playit.control.ChannelSetup] send keep alive
[17:22:18] [Thread-7/INFO]: [gg.playit.control.ChannelSetup] send keep alive
[17:26:19] [Thread-7/INFO]: [gg.playit.control.ChannelSetup] send keep alive
[17:30:19] [Thread-7/INFO]: [gg.playit.control.ChannelSetup] send keep alive
[17:34:19] [Thread-7/INFO]: [gg.playit.control.ChannelSetup] send keep alive
[17:38:19] [Thread-7/INFO]: [gg.playit.control.ChannelSetup] send keep alive
[17:42:19] [Thread-7/INFO]: [gg.playit.control.ChannelSetup] send keep alive
[17:46:19] [Thread-7/INFO]: [gg.playit.control.ChannelSetup] send keep alive
[17:50:19] [Thread-7/INFO]: [gg.playit.control.ChannelSetup] send keep alive
[17:54:20] [Thread-7/INFO]: [gg.playit.control.ChannelSetup] send keep alive
[17:58:20] [Thread-7/INFO]: [gg.playit.control.ChannelSetup] send keep alive
[18:02:20] [Thread-7/INFO]: [gg.playit.control.ChannelSetup] send keep alive
[18:06:20] [Thread-7/INFO]: [gg.playit.control.ChannelSetup] send keep alive
[18:10:20] [Thread-7/INFO]: [gg.playit.control.ChannelSetup] send keep alive
[18:14:20] [Thread-7/INFO]: [gg.playit.control.ChannelSetup] send keep alive
[18:18:21] [Thread-7/INFO]: [gg.playit.control.ChannelSetup] send keep alive
[18:22:21] [Thread-7/INFO]: [gg.playit.control.ChannelSetup] send keep alive
[18:26:21] [Thread-7/INFO]: [gg.playit.control.ChannelSetup] send keep alive
[18:30:21] [Thread-7/INFO]: [gg.playit.control.ChannelSetup] send keep alive
[18:34:21] [Thread-7/INFO]: [gg.playit.control.ChannelSetup] send keep alive
[18:38:21] [Thread-7/INFO]: [gg.playit.control.ChannelSetup] send keep alive
[18:42:22] [Thread-7/INFO]: [gg.playit.control.ChannelSetup] send keep alive
[18:46:22] [Thread-7/INFO]: [gg.playit.control.ChannelSetup] send keep alive
[18:50:22] [Thread-7/INFO]: [gg.playit.control.ChannelSetup] send keep alive
[18:54:22] [Thread-7/INFO]: [gg.playit.control.ChannelSetup] send keep alive
[18:58:22] [Thread-7/INFO]: [gg.playit.control.ChannelSetup] send keep alive
[19:02:22] [Thread-7/INFO]: [gg.playit.control.ChannelSetup] send keep alive
[19:06:23] [Thread-7/INFO]: [gg.playit.control.ChannelSetup] send keep alive
[19:10:23] [Thread-7/INFO]: [gg.playit.control.ChannelSetup] send keep alive
[19:14:23] [Thread-7/INFO]: [gg.playit.control.ChannelSetup] send keep alive
[19:18:23] [Thread-7/INFO]: [gg.playit.control.ChannelSetup] send keep alive
[19:22:23] [Thread-7/INFO]: [gg.playit.control.ChannelSetup] send keep alive
[19:26:24] [Thread-7/INFO]: [gg.playit.control.ChannelSetup] send keep alive
[19:30:24] [Thread-7/INFO]: [gg.playit.control.ChannelSetup] send keep alive
[19:34:24] [Thread-7/INFO]: [gg.playit.control.ChannelSetup] send keep alive
[19:38:24] [Thread-7/INFO]: [gg.playit.control.ChannelSetup] send keep alive
[19:42:24] [Thread-7/INFO]: [gg.playit.control.ChannelSetup] send keep alive
[19:46:25] [Thread-7/INFO]: [gg.playit.control.ChannelSetup] send keep alive
[19:50:25] [Thread-7/INFO]: [gg.playit.control.ChannelSetup] send keep alive
[19:54:25] [Thread-7/INFO]: [gg.playit.control.ChannelSetup] send keep alive
[19:58:25] [Thread-7/INFO]: [gg.playit.control.ChannelSetup] send keep alive
[20:02:25] [Thread-7/INFO]: [gg.playit.control.ChannelSetup] send keep alive
[20:06:25] [Thread-7/INFO]: [gg.playit.control.ChannelSetup] send keep alive
[20:10:26] [Thread-7/INFO]: [gg.playit.control.ChannelSetup] send keep alive
[20:14:26] [Thread-7/INFO]: [gg.playit.control.ChannelSetup] send keep alive
[20:18:26] [Thread-7/INFO]: [gg.playit.control.ChannelSetup] send keep alive
[20:22:26] [Thread-7/INFO]: [gg.playit.control.ChannelSetup] send keep alive
[20:26:26] [Thread-7/INFO]: [gg.playit.control.ChannelSetup] send keep alive
[20:30:26] [Thread-7/INFO]: [gg.playit.control.ChannelSetup] send keep alive
[20:34:27] [Thread-7/INFO]: [gg.playit.control.ChannelSetup] send keep alive
[20:38:27] [Thread-7/INFO]: [gg.playit.control.ChannelSetup] send keep alive
[20:42:27] [Thread-7/INFO]: [gg.playit.control.ChannelSetup] send keep alive
[20:46:27] [Thread-7/INFO]: [gg.playit.control.ChannelSetup] send keep alive
[20:50:27] [Thread-7/INFO]: [gg.playit.control.ChannelSetup] send keep alive
[20:54:27] [Thread-7/INFO]: [gg.playit.control.ChannelSetup] send keep alive
[20:58:27] [Thread-7/INFO]: [gg.playit.control.ChannelSetup] send keep alive
[21:02:28] [Thread-7/INFO]: [gg.playit.control.ChannelSetup] send keep alive
[21:06:28] [Thread-7/INFO]: [gg.playit.control.ChannelSetup] send keep alive
[21:10:28] [Thread-7/INFO]: [gg.playit.control.ChannelSetup] send keep alive
[21:14:28] [Thread-7/INFO]: [gg.playit.control.ChannelSetup] send keep alive
[21:18:28] [Thread-7/INFO]: [gg.playit.control.ChannelSetup] send keep alive
[21:22:28] [Thread-7/INFO]: [gg.playit.control.ChannelSetup] send keep alive
[21:26:28] [Thread-7/INFO]: [gg.playit.control.ChannelSetup] send keep alive
[21:30:29] [Thread-7/INFO]: [gg.playit.control.ChannelSetup] send keep alive
[21:34:29] [Thread-7/INFO]: [gg.playit.control.ChannelSetup] send keep alive
[21:37:19] [Server thread/INFO]: Stopping server
[21:37:19] [Server thread/INFO]: [WorldEdit] Disabling WorldEdit v7.2.19+6642-415ef95
[21:37:19] [Server thread/INFO]: Unregistering com.sk89q.worldedit.bukkit.BukkitServerInterface from WorldEdit
[21:37:19] [Server thread/INFO]: [playit-gg] Disabling playit-gg v0.1.4
[21:37:19] [Server thread/INFO]: [Geyser-Spigot] Disabling Geyser-Spigot v2.2.2-SNAPSHOT
[21:37:19] [Server thread/INFO]: [Geyser-Spigot] Shutting down Geyser.
[21:37:19] [Server thread/INFO]: [Geyser-Spigot] Geyser shutdown successfully.
[21:37:19] [Server thread/INFO]: [Essentials] Disabling Essentials v2.21.0-dev+34-0d1462a
[21:37:19] [Server thread/INFO]: [LoginSecurity] Disabling LoginSecurity v3.3.0
[21:37:19] [Server thread/INFO]: [LoginSecurity] Waiting for queued tasks...
[21:37:19] [Server thread/INFO]: [LoginSecurity] ExecutorService shut down, ready to disable.
[21:37:19] [Server thread/INFO]: [ViaBackwards] Disabling ViaBackwards v4.9.1
[21:37:19] [Server thread/INFO]: [ViaVersion] Disabling ViaVersion v4.9.2
[21:37:19] [Server thread/INFO]: [ViaVersion] ViaVersion is disabling, if this is a reload and you experience issues consider rebooting.
[21:37:19] [Server thread/INFO]: Saving players
[21:37:19] [Server thread/INFO]: Saving worlds
[21:37:19] [Server thread/INFO]: Saving chunks for level 'ServerLevel[world]'/minecraft:overworld
[21:37:19] [Server thread/INFO]: [ChunkHolderManager] Waiting 60s for chunk system to halt for world 'world'
[21:37:19] [Server thread/INFO]: [ChunkHolderManager] Halted chunk system for world 'world'
[21:37:19] [Server thread/INFO]: [ChunkHolderManager] Saving all chunkholders for world 'world'
[21:37:20] [Server thread/INFO]: [ChunkHolderManager] Saved 1 block chunks, 202 entity chunks, 0 poi chunks in world 'world' in 0.06s
[21:37:20] [Server thread/INFO]: ThreadedAnvilChunkStorage (world): All chunks are saved
[21:37:20] [Server thread/INFO]: Saving chunks for level 'ServerLevel[world_nether]'/minecraft:the_nether
[21:37:20] [Server thread/INFO]: [ChunkHolderManager] Waiting 60s for chunk system to halt for world 'world_nether'
[21:37:20] [Server thread/INFO]: [ChunkHolderManager] Halted chunk system for world 'world_nether'
[21:37:20] [Server thread/INFO]: [ChunkHolderManager] Saving all chunkholders for world 'world_nether'
[21:37:20] [Server thread/INFO]: [ChunkHolderManager] Saved 0 block chunks, 20 entity chunks, 0 poi chunks in world 'world_nether' in 0.01s
[21:37:20] [Server thread/INFO]: ThreadedAnvilChunkStorage (DIM-1): All chunks are saved
[21:37:20] [Server thread/INFO]: Saving chunks for level 'ServerLevel[world_the_end]'/minecraft:the_end
[21:37:20] [Server thread/INFO]: [ChunkHolderManager] Waiting 60s for chunk system to halt for world 'world_the_end'
[21:37:20] [Server thread/INFO]: [ChunkHolderManager] Halted chunk system for world 'world_the_end'
[21:37:20] [Server thread/INFO]: [ChunkHolderManager] Saving all chunkholders for world 'world_the_end'
[21:37:20] [Server thread/INFO]: [ChunkHolderManager] Saved 0 block chunks, 10 entity chunks, 0 poi chunks in world 'world_the_end' in 0.00s
[21:37:20] [Server thread/INFO]: ThreadedAnvilChunkStorage (DIM1): All chunks are saved
[21:37:20] [Server thread/INFO]: ThreadedAnvilChunkStorage: All dimensions are saved
[21:37:20] [Server thread/INFO]: Flushing Chunk IO
[21:37:20] [Server thread/INFO]: Closing Thread Pool
[21:37:20] [Server thread/INFO]: Closing Server
